2024-02-15 21:13:37:INFO:Iniciando atualização dos estoques
2024-02-15 21:15:36:INFO:Atualização dos estoques concluída
2024-02-15 21:15:36:INFO:Iniciando extração de descontos
2024-02-15 21:16:07:INFO:Extração de descontos concluída
2024-02-15 21:16:07:INFO:Iniciando criação da tabela dinâmica
2024-02-15 21:16:07:INFO:Criação da tabela dinâmica concluída
2024-02-15 21:16:07:INFO:Iniciando cálculo dos volumes dos 100
2024-02-15 21:18:00:INFO:Cálculo dos volumes dos 100 concluído
2024-02-15 21:18:00:INFO:Iniciando extração de encartes
2024-02-15 21:19:11:INFO:Extração de encartes concluída
2024-02-15 21:19:11:INFO:Iniciando geração do relatório de encartes
2024-02-15 21:19:11:INFO:Geração do relatório de encartes concluída
2024-02-15 21:19:11:INFO:Iniciando extração de lojas
2024-02-15 21:27:33:INFO:Extração de lojas concluída
2024-02-15 21:27:33:INFO:Iniciando geração do relatório de lojas
2024-02-15 21:27:37:INFO:Relatório de lojas gerado
2024-02-15 21:27:37:INFO:Iniciando extração de relatórios de vinhos
2024-02-15 21:35:10:INFO:relatórios de vinhos extraidos
2024-02-15 21:35:10:INFO:Iniciando geração do relatório de vinhos
2024-02-15 21:37:03:INFO:relatório de vinhos gerado
2024-02-15 21:37:03:INFO:Iniciando envio de email
2024-02-15 21:37:07:INFO:Envio de email concluído
