2024-02-21 11:31:55 - INFO - Iniciando Simplificação.
2024-02-21 11:32:16 - INFO - Transfêrencia de para: SMJ -> STT
2024-02-21 11:32:33 - INFO - Nome do arquivo SMJ X STT 3.
2024-02-21 11:32:40 - DEBUG - Código 12822 processado, 144 unidades
2024-02-21 11:32:48 - DEBUG - Código 13996 processado, 12 unidades
2024-02-21 11:32:55 - DEBUG - Código 20366 processado, 15 unidades
2024-02-21 11:33:02 - DEBUG - Código 31230 processado, 12 unidades
2024-02-21 11:33:10 - DEBUG - Código 32759 processado, 15 unidades
2024-02-21 11:33:16 - DEBUG - Código 37920 processado, 6 unidades
2024-02-21 11:33:24 - DEBUG - Código 46246 processado, 28 unidades
2024-02-21 11:33:31 - DEBUG - Código 48109 processado, 12 unidades
2024-02-21 11:33:39 - DEBUG - Código 50373 processado, 36 unidades
2024-02-21 11:33:45 - DEBUG - Código 55033 processado, 24 unidades
2024-02-21 11:33:52 - DEBUG - Código 56234 processado, 18 unidades
2024-02-21 11:33:58 - DEBUG - Código 58769 processado, 24 unidades
2024-02-21 11:34:06 - DEBUG - Código 59491 processado, 6 unidades
2024-02-21 11:34:13 - DEBUG - Código 60998 processado, 24 unidades
2024-02-21 11:34:21 - DEBUG - Código 61915 processado, 18 unidades
2024-02-21 11:34:31 - DEBUG - Código 62079 processado, 50 unidades
2024-02-21 11:34:42 - DEBUG - Código 66604 processado, 6 unidades
2024-02-21 11:34:49 - DEBUG - Código 67314 processado, 36 unidades
2024-02-21 11:35:00 - DEBUG - Código 69196 processado, 6 unidades
2024-02-21 11:35:09 - DEBUG - Código 70767 processado, 6 unidades
2024-02-21 11:35:15 - DEBUG - Código 71813 processado, 6 unidades
2024-02-21 11:35:24 - DEBUG - Código 72523 processado, 6 unidades
2024-02-21 11:35:33 - DEBUG - Código 73816 processado, 12 unidades
2024-02-21 11:35:42 - DEBUG - Código 74514 processado, 24 unidades
2024-02-21 11:35:50 - DEBUG - Código 76113 processado, 3 unidades
2024-02-21 11:36:00 - DEBUG - Código 76243 processado, 114 unidades
2024-02-21 11:36:09 - DEBUG - Código 78735 processado, 6 unidades
2024-02-21 11:36:17 - DEBUG - Código 78868 processado, 24 unidades
2024-02-21 11:36:26 - DEBUG - Código 80669 processado, 40 unidades
2024-02-21 11:36:36 - DEBUG - Código 81036 processado, 24 unidades
2024-02-21 11:36:43 - DEBUG - Código 81065 processado, 24 unidades
2024-02-21 11:36:51 - DEBUG - Código 81210 processado, 12 unidades
2024-02-21 11:36:58 - DEBUG - Código 81490 processado, 32 unidades
2024-02-21 11:37:05 - DEBUG - Código 82015 processado, 6 unidades
2024-02-21 11:37:12 - DEBUG - Código 82061 processado, 9 unidades
2024-02-21 11:37:21 - DEBUG - Código 83439 processado, 18 unidades
2024-02-21 11:37:27 - DEBUG - Código 83777 processado, 11 unidades
2024-02-21 11:37:33 - DEBUG - Código 84023 processado, 12 unidades
2024-02-21 11:37:40 - DEBUG - Código 84312 processado, 3 unidades
2024-02-21 11:37:48 - DEBUG - Código 84354 processado, 10 unidades
2024-02-21 11:37:54 - DEBUG - Código 84455 processado, 21 unidades
2024-02-21 11:38:00 - DEBUG - Código 85313 processado, 12 unidades
2024-02-21 11:38:00 - INFO - Enviando arquivo SMJ X STT 3.
2024-02-21 11:38:16 - INFO - Arquivo SMJ X STT 3, enviado com sucesso!
2024-02-21 11:38:17 - INFO - Processo SmartApp.exe fechado com sucesso.
2024-02-21 11:38:18 - INFO - Iniciando Simplificação.
2024-02-21 11:38:37 - INFO - Transfêrencia de para: SMJ -> STT
2024-02-21 11:38:52 - INFO - Nome do arquivo SMJ X STT 4.
2024-02-21 11:39:02 - DEBUG - Código 14214 processado, 48 unidades
2024-02-21 11:39:09 - DEBUG - Código 14243 processado, 16 unidades
2024-02-21 11:39:16 - DEBUG - Código 15403 processado, 6 unidades
2024-02-21 11:39:22 - DEBUG - Código 15458 processado, 24 unidades
2024-02-21 11:39:29 - DEBUG - Código 17010 processado, 12 unidades
2024-02-21 11:39:39 - DEBUG - Código 17947 processado, 12 unidades
2024-02-21 11:39:47 - DEBUG - Código 18432 processado, 5 unidades
2024-02-21 11:39:57 - DEBUG - Código 20322 processado, 24 unidades
2024-02-21 11:40:04 - DEBUG - Código 20757 processado, 12 unidades
2024-02-21 11:40:11 - DEBUG - Código 24212 processado, 6 unidades
2024-02-21 11:40:18 - DEBUG - Código 25265 processado, 12 unidades
2024-02-21 11:40:24 - DEBUG - Código 26416 processado, 12 unidades
2024-02-21 11:40:33 - DEBUG - Código 27161 processado, 6 unidades
2024-02-21 11:40:41 - DEBUG - Código 29356 processado, 18 unidades
2024-02-21 11:40:49 - DEBUG - Código 35250 processado, 12 unidades
2024-02-21 11:40:56 - DEBUG - Código 37070 processado, 12 unidades
2024-02-21 11:41:04 - DEBUG - Código 38122 processado, 4 unidades
2024-02-21 11:41:09 - DEBUG - Código 44008 processado, 24 unidades
2024-02-21 11:41:16 - DEBUG - Código 44360 processado, 3 unidades
2024-02-21 11:41:25 - DEBUG - Código 48037 processado, 12 unidades
2024-02-21 11:41:31 - DEBUG - Código 48926 processado, 6 unidades
2024-02-21 11:41:38 - DEBUG - Código 52190 processado, 6 unidades
2024-02-21 11:41:43 - DEBUG - Código 55541 processado, 3 unidades
2024-02-21 11:41:51 - DEBUG - Código 56055 processado, 6 unidades
2024-02-21 11:41:57 - DEBUG - Código 56416 processado, 6 unidades
2024-02-21 11:42:04 - DEBUG - Código 56783 processado, 12 unidades
2024-02-21 11:42:12 - DEBUG - Código 57568 processado, 3 unidades
2024-02-21 11:42:19 - DEBUG - Código 57855 processado, 12 unidades
2024-02-21 11:42:25 - DEBUG - Código 59905 processado, 18 unidades
2024-02-21 11:42:31 - DEBUG - Código 61355 processado, 3 unidades
2024-02-21 11:42:41 - DEBUG - Código 62114 processado, 6 unidades
2024-02-21 11:42:47 - DEBUG - Código 65477 processado, 12 unidades
2024-02-21 11:42:54 - DEBUG - Código 66176 processado, 12 unidades
2024-02-21 11:43:01 - DEBUG - Código 66517 processado, 6 unidades
2024-02-21 11:43:07 - DEBUG - Código 66605 processado, 24 unidades
2024-02-21 11:43:13 - DEBUG - Código 66731 processado, 12 unidades
2024-02-21 11:43:21 - DEBUG - Código 67004 processado, 18 unidades
2024-02-21 11:43:28 - DEBUG - Código 67499 processado, 24 unidades
2024-02-21 11:43:35 - DEBUG - Código 68078 processado, 30 unidades
2024-02-21 11:43:42 - DEBUG - Código 68813 processado, 25 unidades
2024-02-21 11:43:50 - DEBUG - Código 69195 processado, 36 unidades
2024-02-21 11:43:56 - DEBUG - Código 69732 processado, 12 unidades
2024-02-21 11:44:02 - DEBUG - Código 69734 processado, 12 unidades
2024-02-21 11:44:09 - DEBUG - Código 69830 processado, 48 unidades
2024-02-21 11:44:16 - DEBUG - Código 70147 processado, 24 unidades
2024-02-21 11:44:24 - DEBUG - Código 70319 processado, 12 unidades
2024-02-21 11:44:32 - DEBUG - Código 70820 processado, 12 unidades
2024-02-21 11:44:39 - DEBUG - Código 71294 processado, 6 unidades
2024-02-21 11:44:47 - DEBUG - Código 72682 processado, 6 unidades
2024-02-21 11:44:54 - DEBUG - Código 72980 processado, 12 unidades
2024-02-21 11:45:02 - DEBUG - Código 73426 processado, 6 unidades
2024-02-21 11:45:09 - DEBUG - Código 73938 processado, 6 unidades
2024-02-21 11:45:18 - DEBUG - Código 74577 processado, 6 unidades
2024-02-21 11:45:28 - DEBUG - Código 75756 processado, 12 unidades
2024-02-21 11:45:37 - DEBUG - Código 76561 processado, 6 unidades
2024-02-21 11:45:46 - DEBUG - Código 79249 processado, 4 unidades
2024-02-21 11:45:57 - DEBUG - Código 79737 processado, 12 unidades
2024-02-21 11:46:05 - DEBUG - Código 80117 processado, 6 unidades
2024-02-21 11:46:13 - DEBUG - Código 80383 processado, 12 unidades
2024-02-21 11:46:25 - DEBUG - Código 80774 processado, 10 unidades
2024-02-21 11:46:35 - DEBUG - Código 81402 processado, 18 unidades
2024-02-21 11:46:45 - DEBUG - Código 82566 processado, 30 unidades
2024-02-21 11:46:54 - DEBUG - Código 83405 processado, 6 unidades
2024-02-21 11:47:05 - DEBUG - Código 83685 processado, 6 unidades
2024-02-21 11:47:14 - DEBUG - Código 83919 processado, 24 unidades
2024-02-21 11:47:25 - DEBUG - Código 85277 processado, 24 unidades
2024-02-21 11:47:25 - INFO - Enviando arquivo SMJ X STT 4.
2024-02-21 11:47:39 - INFO - Arquivo SMJ X STT 4, enviado com sucesso!
2024-02-21 11:47:41 - INFO - Processo SmartApp.exe fechado com sucesso.
2024-02-21 11:47:43 - INFO - Iniciando Simplificação.
2024-02-21 11:48:06 - INFO - Transfêrencia de para: SMJ -> STT
2024-02-21 11:48:23 - INFO - Nome do arquivo SMJ X STT 5.
2024-02-21 11:48:30 - DEBUG - Código 12401 processado, 12 unidades
2024-02-21 11:48:30 - INFO - Enviando arquivo SMJ X STT 5.
2024-02-21 11:48:37 - INFO - Arquivo SMJ X STT 5, enviado com sucesso!
2024-02-21 11:48:39 - INFO - Processo SmartApp.exe fechado com sucesso.
2024-02-21 11:48:40 - INFO - Iniciando Simplificação.
2024-02-21 11:48:57 - INFO - Transfêrencia de para: SMJ -> STT
2024-02-21 11:49:12 - INFO - Nome do arquivo SMJ X STT 6.
2024-02-21 11:49:18 - DEBUG - Código 10140 processado, 3 unidades
2024-02-21 11:49:26 - DEBUG - Código 10162 processado, 72 unidades
2024-02-21 11:49:33 - DEBUG - Código 10320 processado, 16 unidades
2024-02-21 11:49:42 - DEBUG - Código 13159 processado, 3 unidades
2024-02-21 11:49:50 - DEBUG - Código 13378 processado, 3 unidades
2024-02-21 11:49:58 - DEBUG - Código 13491 processado, 3 unidades
2024-02-21 11:50:10 - DEBUG - Código 21978 processado, 33 unidades
2024-02-21 11:50:20 - DEBUG - Código 26379 processado, 14 unidades
2024-02-21 11:50:27 - DEBUG - Código 26674 processado, 14 unidades
2024-02-21 11:50:36 - DEBUG - Código 31405 processado, 15 unidades
2024-02-21 11:50:45 - DEBUG - Código 32925 processado, 81 unidades
2024-02-21 11:50:55 - DEBUG - Código 45076 processado, 180 unidades
2024-02-21 11:51:08 - DEBUG - Código 45336 processado, 6 unidades
2024-02-21 11:51:18 - DEBUG - Código 45339 processado, 6 unidades
2024-02-21 11:51:30 - DEBUG - Código 48034 processado, 36 unidades
2024-02-21 11:51:41 - DEBUG - Código 49852 processado, 6 unidades
2024-02-21 11:51:52 - DEBUG - Código 51160 processado, 114 unidades
2024-02-21 11:52:07 - DEBUG - Código 53491 processado, 18 unidades
2024-02-21 11:52:22 - DEBUG - Código 57363 processado, 12 unidades
2024-02-21 11:52:31 - DEBUG - Código 59912 processado, 12 unidades
2024-02-21 11:52:41 - DEBUG - Código 68086 processado, 48 unidades
2024-02-21 11:52:52 - DEBUG - Código 72165 processado, 3 unidades
2024-02-21 11:53:09 - DEBUG - Código 72893 processado, 2 unidades
2024-02-21 11:53:20 - DEBUG - Código 73319 processado, 18 unidades
2024-02-21 11:53:36 - DEBUG - Código 77227 processado, 24 unidades
2024-02-21 11:53:48 - DEBUG - Código 79836 processado, 6 unidades
2024-02-21 11:53:55 - DEBUG - Código 80930 processado, 132 unidades
2024-02-21 11:54:05 - DEBUG - Código 82451 processado, 9 unidades
2024-02-21 11:54:14 - DEBUG - Código 82454 processado, 36 unidades
2024-02-21 11:54:23 - DEBUG - Código 82671 processado, 45 unidades
2024-02-21 11:54:32 - DEBUG - Código 83111 processado, 12 unidades
2024-02-21 11:54:41 - DEBUG - Código 84730 processado, 18 unidades
2024-02-21 11:54:41 - INFO - Enviando arquivo SMJ X STT 6.
2024-02-21 11:54:53 - INFO - Arquivo SMJ X STT 6, enviado com sucesso!
2024-02-21 11:54:54 - INFO - Processo SmartApp.exe fechado com sucesso.
2024-02-21 11:54:55 - INFO - Iniciando Simplificação.
2024-02-21 11:55:21 - INFO - Transfêrencia de para: SMJ -> STT
2024-02-21 11:55:38 - INFO - Nome do arquivo SMJ X STT 7.
2024-02-21 11:55:46 - DEBUG - Código 85558 processado, 15 unidades
2024-02-21 11:55:54 - DEBUG - Código 65642 processado, 15 unidades
2024-02-21 11:56:05 - DEBUG - Código 85348 processado, 15 unidades
2024-02-21 11:56:05 - INFO - Enviando arquivo SMJ X STT 7.
2024-02-21 11:56:11 - INFO - Arquivo SMJ X STT 7, enviado com sucesso!
2024-02-21 11:56:12 - INFO - Processo SmartApp.exe fechado com sucesso.
