2024-02-16 09:45:08:INFO:Iniciando atualização dos estoques
2024-02-16 09:47:12:INFO:Atualização dos estoques concluída
2024-02-16 09:47:12:INFO:Iniciando extração de descontos
2024-02-16 09:47:46:INFO:Extração de descontos concluída
2024-02-16 09:47:46:INFO:Iniciando criação da tabela dinâmica
2024-02-16 09:47:46:INFO:Criação da tabela dinâmica concluída
2024-02-16 09:47:46:INFO:Iniciando cálculo dos volumes dos 100
2024-02-16 09:49:44:INFO:Cálculo dos volumes dos 100 concluído
2024-02-16 09:49:44:INFO:Iniciando extração de encartes
2024-02-16 09:51:01:INFO:Extração de encartes concluída
2024-02-16 09:51:01:INFO:Iniciando geração do relatório de encartes
2024-02-16 09:51:01:INFO:Geração do relatório de encartes concluída
2024-02-16 09:51:01:INFO:Iniciando extração de lojas
2024-02-16 10:00:49:INFO:Extração de lojas concluída
2024-02-16 10:00:49:INFO:Iniciando geração do relatório de lojas
2024-02-16 10:00:55:INFO:Relatório de lojas gerado
2024-02-16 10:00:55:INFO:Iniciando extração de relatórios de vinhos
2024-02-16 10:07:49:INFO:relatórios de vinhos extraidos
2024-02-16 10:07:49:INFO:Iniciando geração do relatório de vinhos
2024-02-16 10:10:13:INFO:relatório de vinhos gerado
2024-02-16 10:10:13:INFO:Iniciando envio de email
2024-02-16 10:10:27:INFO:Envio de email concluído
